<?xml version="1.0" encoding="UTF-8"?>
<!-- Generated by org.testng.reporters.JUnitReportReporter -->
<testsuite skipped="0" hostname="DESKTOP-60CIKMS" name="complex.ScreenShot1" tests="1" failures="0" timestamp="22 Sep 2018 05:43:45 GMT" time="5.372" errors="0">
  <testcase name="MagnusUsersScreenShot" time="5.372" classname="complex.ScreenShot1"/>
</testsuite> <!-- complex.ScreenShot1 -->
