<?xml version="1.0" encoding="UTF-8"?>
<!-- Generated by org.testng.reporters.JUnitReportReporter -->
<testsuite skipped="0" hostname="DESKTOP-60CIKMS" name="complex.primusBankApp" tests="1" failures="0" timestamp="27 Sep 2018 07:07:48 GMT" time="10.713" errors="0">
  <testcase name="getText" time="10.713" classname="complex.primusBankApp"/>
</testsuite> <!-- complex.primusBankApp -->
