<?xml version="1.0" encoding="UTF-8"?>
<!-- Generated by org.testng.reporters.JUnitReportReporter -->
<testsuite skipped="0" hostname="DESKTOP-60CIKMS" name="complex.VerifyTitle" tests="2" failures="0" timestamp="17 Sep 2018 06:48:56 GMT" time="3.599" errors="0">
  <testcase name="titleCheckWithAssertTrue" time="1.126" classname="complex.VerifyTitle"/>
  <testcase name="titleCheckWithAssertEquals" time="2.473" classname="complex.VerifyTitle"/>
</testsuite> <!-- complex.VerifyTitle -->
