<?xml version="1.0" encoding="UTF-8"?>
<!-- Generated by org.testng.reporters.JUnitReportReporter -->
<testsuite skipped="0" hostname="DESKTOP-60CIKMS" name="Develop.WebDriver.date" tests="1" failures="0" timestamp="30 Aug 2018 07:55:52 GMT" time="15.942" errors="0">
  <testcase name="checkMagnusDate" time="15.942" classname="Develop.WebDriver.date"/>
</testsuite> <!-- Develop.WebDriver.date -->
