<?xml version="1.0" encoding="UTF-8"?>
<!-- Generated by org.testng.reporters.JUnitReportReporter -->
<testsuite skipped="0" hostname="DESKTOP-60CIKMS" name="Develop.WebDriver.CaptureScreenshot" tests="1" failures="0" timestamp="22 Sep 2018 05:08:18 GMT" time="5.405" errors="0">
  <testcase name="capture" time="5.405" classname="Develop.WebDriver.CaptureScreenshot"/>
</testsuite> <!-- Develop.WebDriver.CaptureScreenshot -->
