<?xml version="1.0" encoding="UTF-8"?>
<!-- Generated by org.testng.reporters.JUnitReportReporter -->
<testsuite skipped="0" hostname="DESKTOP-60CIKMS" name="complex.GmailLogin" tests="1" failures="0" timestamp="20 Sep 2018 08:42:50 GMT" time="14.080" errors="0">
  <testcase name="login" time="14.080" classname="complex.GmailLogin"/>
</testsuite> <!-- complex.GmailLogin -->
