<?xml version="1.0" encoding="UTF-8"?>
<!-- Generated by org.testng.reporters.JUnitReportReporter -->
<testsuite skipped="0" hostname="DESKTOP-60CIKMS" name="complex.ExplicitWait" tests="1" failures="0" timestamp="17 Sep 2018 07:44:16 GMT" time="16.008" errors="0">
  <testcase name="WaitExternal" time="16.008" classname="complex.ExplicitWait"/>
</testsuite> <!-- complex.ExplicitWait -->
