<?xml version="1.0" encoding="UTF-8"?>
<!-- Generated by org.testng.reporters.JUnitReportReporter -->
<testsuite skipped="0" hostname="DESKTOP-60CIKMS" name="complex.HiddenElements" tests="1" failures="0" timestamp="18 Sep 2018 17:48:49 GMT" time="36.867" errors="0">
  <testcase name="hidden" time="36.867" classname="complex.HiddenElements"/>
</testsuite> <!-- complex.HiddenElements -->
