<?xml version="1.0" encoding="UTF-8"?>
<!-- Generated by org.testng.reporters.JUnitReportReporter -->
<testsuite skipped="0" hostname="DESKTOP-60CIKMS" name="complex.AutoComplete" tests="1" failures="0" timestamp="25 Sep 2018 09:01:39 GMT" time="5.283" errors="0">
  <testcase name="completeTest" time="5.283" classname="complex.AutoComplete"/>
</testsuite> <!-- complex.AutoComplete -->
