<?xml version="1.0" encoding="UTF-8"?>
<!-- Generated by org.testng.reporters.JUnitReportReporter -->
<testsuite skipped="0" hostname="DESKTOP-60CIKMS" name="complex.framePopupDetails" tests="1" failures="0" timestamp="20 Sep 2018 05:38:34 GMT" time="23.597" errors="0">
  <testcase name="popupWindow" time="23.597" classname="complex.framePopupDetails"/>
</testsuite> <!-- complex.framePopupDetails -->
