<?xml version="1.0" encoding="UTF-8"?>
<!-- Generated by org.testng.reporters.JUnitReportReporter -->
<testsuite skipped="0" hostname="DESKTOP-60CIKMS" name="Develop.WebDriver.Dpro2" tests="2" failures="0" timestamp="14 Sep 2018 07:14:39 GMT" time="1.612" errors="0">
  <testcase name="Test" time="0.738" classname="Develop.WebDriver.Dpro2"/>
  <testcase name="Test" time="0.874" classname="Develop.WebDriver.Dpro2"/>
</testsuite> <!-- Develop.WebDriver.Dpro2 -->
