<?xml version="1.0" encoding="UTF-8"?>
<!-- Generated by org.testng.reporters.JUnitReportReporter -->
<testsuite skipped="0" hostname="DESKTOP-60CIKMS" name="failedCases.Test2" tests="1" failures="0" timestamp="20 Sep 2018 05:51:14 GMT" time="0.001" errors="0">
  <testcase name="testingSecond" time="0.001" classname="failedCases.Test2"/>
</testsuite> <!-- failedCases.Test2 -->
