<?xml version="1.0" encoding="UTF-8"?>
<!-- Generated by org.testng.reporters.JUnitReportReporter -->
<testsuite skipped="0" hostname="DESKTOP-60CIKMS" name="FailedReports.Case1" tests="1" failures="0" timestamp="20 Sep 2018 06:15:45 GMT" time="0.000" errors="0">
  <testcase name="testOne" time="0.000" classname="FailedReports.Case1"/>
</testsuite> <!-- FailedReports.Case1 -->
