<?xml version="1.0" encoding="UTF-8"?>
<!-- Generated by org.testng.reporters.JUnitReportReporter -->
<testsuite skipped="0" hostname="DESKTOP-60CIKMS" name="Develop.WebDriver.GoogleTest" tests="2" failures="0" timestamp="13 Aug 2018 06:13:22 GMT" time="14.807" errors="0">
  <testcase name="LinkTest" time="7.127" classname="Develop.WebDriver.GoogleTest"/>
  <testcase name="TitleTest" time="7.680" classname="Develop.WebDriver.GoogleTest"/>
</testsuite> <!-- Develop.WebDriver.GoogleTest -->
