<?xml version="1.0" encoding="UTF-8"?>
<!-- Generated by org.testng.reporters.JUnitReportReporter -->
<testsuite skipped="0" hostname="DESKTOP-60CIKMS" name="FailedReports.Case2" tests="1" failures="0" timestamp="20 Sep 2018 06:15:45 GMT" time="0.008" errors="0">
  <testcase name="testTwo" time="0.008" classname="FailedReports.Case2"/>
</testsuite> <!-- FailedReports.Case2 -->
