<?xml version="1.0" encoding="UTF-8"?>
<!-- Generated by org.testng.reporters.JUnitReportReporter -->
<testsuite skipped="0" hostname="DESKTOP-60CIKMS" name="failedCases.Test1" tests="1" failures="0" timestamp="20 Sep 2018 05:51:14 GMT" time="0.010" errors="0">
  <testcase name="testingFirst" time="0.010" classname="failedCases.Test1"/>
</testsuite> <!-- failedCases.Test1 -->
