<?xml version="1.0" encoding="UTF-8"?>
<!-- Generated by org.testng.reporters.JUnitReportReporter -->
<testsuite skipped="0" hostname="DESKTOP-60CIKMS" name="Develop.WebDriver.Dpro" tests="2" failures="0" timestamp="14 Sep 2018 06:09:24 GMT" time="0.016" errors="0">
  <testcase name="data" time="0.000" classname="Develop.WebDriver.Dpro"/>
  <testcase name="data" time="0.016" classname="Develop.WebDriver.Dpro"/>
</testsuite> <!-- Develop.WebDriver.Dpro -->
