<?xml version="1.0" encoding="UTF-8"?>
<!-- Generated by org.testng.reporters.JUnitReportReporter -->
<testsuite skipped="0" hostname="DESKTOP-60CIKMS" name="complex.snapShot" tests="1" failures="0" timestamp="04 Oct 2018 07:36:29 GMT" time="16.245" errors="0">
  <testcase name="setUp" time="16.245" classname="complex.snapShot"/>
</testsuite> <!-- complex.snapShot -->
