<?xml version="1.0" encoding="UTF-8"?>
<!-- Generated by org.testng.reporters.JUnitReportReporter -->
<testsuite skipped="0" hostname="DESKTOP-60CIKMS" name="complex.MouseHover" tests="1" failures="0" timestamp="25 Sep 2018 06:59:37 GMT" time="17.967" errors="0">
  <testcase name="hoverTest" time="17.967" classname="complex.MouseHover"/>
</testsuite> <!-- complex.MouseHover -->
