<?xml version="1.0" encoding="UTF-8"?>
<!-- Generated by org.testng.reporters.JUnitReportReporter -->
<testsuite skipped="0" hostname="DESKTOP-60CIKMS" name="complex.Frames" tests="1" failures="0" timestamp="24 Sep 2018 08:50:03 GMT" time="4.767" errors="0">
  <testcase name="iFrames" time="4.767" classname="complex.Frames"/>
</testsuite> <!-- complex.Frames -->
