<?xml version="1.0" encoding="UTF-8"?>
<!-- Generated by org.testng.reporters.JUnitReportReporter -->
<testsuite skipped="0" hostname="DESKTOP-60CIKMS" name="com.WordPress.VerifyPage" tests="1" failures="0" timestamp="09 Aug 2018 08:34:15 GMT" time="8.116" errors="0">
  <testcase name="wordPressPage" time="8.116" classname="com.WordPress.VerifyPage"/>
</testsuite> <!-- com.WordPress.VerifyPage -->
