<?xml version="1.0" encoding="UTF-8"?>
<!-- Generated by org.testng.reporters.JUnitReportReporter -->
<testsuite skipped="0" hostname="DESKTOP-60CIKMS" name="Develop.WebDriver.Employee" tests="1" failures="0" timestamp="06 Oct 2018 08:19:55 GMT" time="9.840" errors="0">
  <testcase name="employeeObject" time="9.840" classname="Develop.WebDriver.Employee"/>
</testsuite> <!-- Develop.WebDriver.Employee -->
